This is pdfTeX, Version 3.141592653-2.6-1.40.24 (MiKTeX 21.12) (preloaded format=pdflatex 2022.1.12)  10 APR 2023 21:02
entering extended mode
 restricted \write18 enabled.
 %&-line parsing enabled.
**./Assignment.tex
(Assignment.tex
LaTeX2e <2021-11-15> patch level 1
L3 programming layer <2021-11-22>
(C:\Users\Mohit\AppData\Local\Programs\MiKTeX\tex/latex/base\article.cls
Document Class: article 2021/10/04 v1.4n Standard LaTeX document class
(C:\Users\Mohit\AppData\Local\Programs\MiKTeX\tex/latex/base\size10.clo
File: size10.clo 2021/10/04 v1.4n Standard LaTeX file (size option)
)
\c@part=\count183
\c@section=\count184
\c@subsection=\count185
\c@subsubsection=\count186
\c@paragraph=\count187
\c@subparagraph=\count188
\c@figure=\count189
\c@table=\count190
\abovecaptionskip=\skip47
\belowcaptionskip=\skip48
\bibindent=\dimen138
)
(C:\Users\Mohit\AppData\Local\Programs\MiKTeX\tex/latex/graphics\graphicx.sty
Package: graphicx 2021/09/16 v1.2d Enhanced LaTeX Graphics (DPC,SPQR)

(C:\Users\Mohit\AppData\Local\Programs\MiKTeX\tex/latex/graphics\keyval.sty
Package: keyval 2014/10/28 v1.15 key=value parser (DPC)
\KV@toks@=\toks16
)
(C:\Users\Mohit\AppData\Local\Programs\MiKTeX\tex/latex/graphics\graphics.sty
Package: graphics 2021/03/04 v1.4d Standard LaTeX Graphics (DPC,SPQR)

(C:\Users\Mohit\AppData\Local\Programs\MiKTeX\tex/latex/graphics\trig.sty
Package: trig 2021/08/11 v1.11 sin cos tan (DPC)
)
(C:\Users\Mohit\AppData\Local\Programs\MiKTeX\tex/latex/graphics-cfg\graphics.c
fg
File: graphics.cfg 2016/06/04 v1.11 sample graphics configuration
)
Package graphics Info: Driver file: pdftex.def on input line 107.

(C:\Users\Mohit\AppData\Local\Programs\MiKTeX\tex/latex/graphics-def\pdftex.def
File: pdftex.def 2020/10/05 v1.2a Graphics/color driver for pdftex
))
\Gin@req@height=\dimen139
\Gin@req@width=\dimen140
) (C:\Users\Mohit\AppData\Local\Programs\MiKTeX\tex/latex/tools\verbatim.sty
Package: verbatim 2020-07-07 v1.5u LaTeX2e package for verbatim enhancements
\every@verbatim=\toks17
\verbatim@line=\toks18
\verbatim@in@stream=\read2
) (C:\Users\Mohit\AppData\Local\Programs\MiKTeX\tex/latex/base\inputenc.sty
Package: inputenc 2021/02/14 v1.3d Input encoding file
\inpenc@prehook=\toks19
\inpenc@posthook=\toks20
)
(C:\Users\Mohit\AppData\Local\Programs\MiKTeX\tex/latex/float\float.sty
Package: float 2001/11/08 v1.3d Float enhancements (AL)
\c@float@type=\count191
\float@exts=\toks21
\float@box=\box50
\@float@everytoks=\toks22
\@floatcapt=\box51
)
(C:\Users\Mohit\AppData\Local\Programs\MiKTeX\tex/latex/fancyvrb\fancyvrb.sty
Package: fancyvrb 2022/06/06 4.5 verbatim text (tvz,hv)
\FV@CodeLineNo=\count192
\FV@InFile=\read3
\FV@TabBox=\box52
\c@FancyVerbLine=\count193
\FV@StepNumber=\count194
\FV@OutFile=\write3
)
(C:\Users\Mohit\AppData\Local\Programs\MiKTeX\tex/latex/varwidth\varwidth.sty
Package: varwidth 2009/03/30 ver 0.92;  Variable-width minipages
\@vwid@box=\box53
\sift@deathcycles=\count195
\@vwid@loff=\dimen141
\@vwid@roff=\dimen142
)
(C:\Users\Mohit\AppData\Local\Programs\MiKTeX\tex/latex/amsmath\amsmath.sty
Package: amsmath 2021/10/15 v2.17l AMS math features
\@mathmargin=\skip49

For additional information on amsmath, use the `?' option.
(C:\Users\Mohit\AppData\Local\Programs\MiKTeX\tex/latex/amsmath\amstext.sty
Package: amstext 2021/08/26 v2.01 AMS text

(C:\Users\Mohit\AppData\Local\Programs\MiKTeX\tex/latex/amsmath\amsgen.sty
File: amsgen.sty 1999/11/30 v2.0 generic functions
\@emptytoks=\toks23
\ex@=\dimen143
))
(C:\Users\Mohit\AppData\Local\Programs\MiKTeX\tex/latex/amsmath\amsbsy.sty
Package: amsbsy 1999/11/29 v1.2d Bold Symbols
\pmbraise@=\dimen144
)
(C:\Users\Mohit\AppData\Local\Programs\MiKTeX\tex/latex/amsmath\amsopn.sty
Package: amsopn 2021/08/26 v2.02 operator names
)
\inf@bad=\count196
LaTeX Info: Redefining \frac on input line 234.
\uproot@=\count197
\leftroot@=\count198
LaTeX Info: Redefining \overline on input line 399.
\classnum@=\count199
\DOTSCASE@=\count266
LaTeX Info: Redefining \ldots on input line 496.
LaTeX Info: Redefining \dots on input line 499.
LaTeX Info: Redefining \cdots on input line 620.
\Mathstrutbox@=\box54
\strutbox@=\box55
\big@size=\dimen145
LaTeX Font Info:    Redeclaring font encoding OML on input line 743.
LaTeX Font Info:    Redeclaring font encoding OMS on input line 744.
\macc@depth=\count267
\c@MaxMatrixCols=\count268
\dotsspace@=\muskip16
\c@parentequation=\count269
\dspbrk@lvl=\count270
\tag@help=\toks24
\row@=\count271
\column@=\count272
\maxfields@=\count273
\andhelp@=\toks25
\eqnshift@=\dimen146
\alignsep@=\dimen147
\tagshift@=\dimen148
\tagwidth@=\dimen149
\totwidth@=\dimen150
\lineht@=\dimen151
\@envbody=\toks26
\multlinegap=\skip50
\multlinetaggap=\skip51
\mathdisplay@stack=\toks27
LaTeX Info: Redefining \[ on input line 2938.
LaTeX Info: Redefining \] on input line 2939.
)
(C:\Users\Mohit\AppData\Local\Programs\MiKTeX\tex/latex/siunitx\siunitx.sty
Package: siunitx 2022-01-05 v3.0.39 A comprehensive (SI) units package
\l__siunitx_angle_tmp_dim=\dimen152
\l__siunitx_angle_marker_box=\box56
\l__siunitx_angle_unit_box=\box57
\l__siunitx_compound_count_int=\count274

(C:\Users\Mohit\AppData\Local\Programs\MiKTeX\tex/latex/translations\translatio
ns.sty
Package: translations 2022/01/04 v1.11 internationalization of LaTeX2e packages
 (CN)

(C:\Users\Mohit\AppData\Local\Programs\MiKTeX\tex/latex/etoolbox\etoolbox.sty
Package: etoolbox 2020/10/05 v2.5k e-TeX tools for LaTeX (JAW)
\etb@tempcnta=\count275
)
(C:\Users\Mohit\AppData\Local\Programs\MiKTeX\tex/generic/pdftexcmds\pdftexcmds
.sty
Package: pdftexcmds 2020-06-27 v0.33 Utility functions of pdfTeX for LuaTeX (HO
)

(C:\Users\Mohit\AppData\Local\Programs\MiKTeX\tex/generic/infwarerr\infwarerr.s
ty
Package: infwarerr 2019/12/03 v1.5 Providing info/warning/error messages (HO)
) (C:\Users\Mohit\AppData\Local\Programs\MiKTeX\tex/generic/iftex\iftex.sty
Package: iftex 2020/03/06 v1.0d TeX engine tests
)
(C:\Users\Mohit\AppData\Local\Programs\MiKTeX\tex/generic/ltxcmds\ltxcmds.sty
Package: ltxcmds 2020-05-10 v1.25 LaTeX kernel commands for general use (HO)
)
Package pdftexcmds Info: \pdf@primitive is available.
Package pdftexcmds Info: \pdf@ifprimitive is available.
Package pdftexcmds Info: \pdfdraftmode found.
))
\l__siunitx_number_exponent_fixed_int=\count276
\l__siunitx_number_min_decimal_int=\count277
\l__siunitx_number_min_integer_int=\count278
\l__siunitx_number_round_precision_int=\count279
\l__siunitx_number_group_minimum_int=\count280
\l__siunitx_table_tmp_box=\box58
\l__siunitx_table_tmp_dim=\dimen153
\l__siunitx_table_column_width_dim=\dimen154
\l__siunitx_table_integer_box=\box59
\l__siunitx_table_decimal_box=\box60
\l__siunitx_table_before_box=\box61
\l__siunitx_table_after_box=\box62
\l__siunitx_table_before_dim=\dimen155
\l__siunitx_table_carry_dim=\dimen156
\l__siunitx_unit_tmp_int=\count281
\l__siunitx_unit_position_int=\count282
\l__siunitx_unit_total_int=\count283

(C:\Users\Mohit\AppData\Local\Programs\MiKTeX\tex/latex/l3packages/l3keys2e\l3k
eys2e.sty
(C:\Users\Mohit\AppData\Local\Programs\MiKTeX\tex/latex/l3kernel\expl3.sty
Package: expl3 2021-11-22 L3 programming layer (loader) 

(C:\Users\Mohit\AppData\Local\Programs\MiKTeX\tex/latex/l3backend\l3backend-pdf
tex.def
File: l3backend-pdftex.def 2021-10-18 L3 backend support: PDF output (pdfTeX)
\l__color_backend_stack_int=\count284
\l__pdf_internal_box=\box63
))
Package: l3keys2e 2021-11-12 LaTeX2e option processing using LaTeX3 keys
)
(C:\Users\Mohit\AppData\Local\Programs\MiKTeX\tex/latex/tools\array.sty
Package: array 2021/10/04 v2.5f Tabular extension package (FMi)
\col@sep=\dimen157
\ar@mcellbox=\box64
\extrarowheight=\dimen158
\NC@list=\toks28
\extratabsurround=\skip52
\backup@length=\skip53
\ar@cellbox=\box65
))
Package translations Info: No language package found. I am going to use `englis
h' as default language. on input line 19.

(Assignment.aux)
\openout1 = `Assignment.aux'.

LaTeX Font Info:    Checking defaults for OML/cmm/m/it on input line 19.
LaTeX Font Info:    ... okay on input line 19.
LaTeX Font Info:    Checking defaults for OMS/cmsy/m/n on input line 19.
LaTeX Font Info:    ... okay on input line 19.
LaTeX Font Info:    Checking defaults for OT1/cmr/m/n on input line 19.
LaTeX Font Info:    ... okay on input line 19.
LaTeX Font Info:    Checking defaults for T1/cmr/m/n on input line 19.
LaTeX Font Info:    ... okay on input line 19.
LaTeX Font Info:    Checking defaults for TS1/cmr/m/n on input line 19.
LaTeX Font Info:    ... okay on input line 19.
LaTeX Font Info:    Checking defaults for OMX/cmex/m/n on input line 19.
LaTeX Font Info:    ... okay on input line 19.
LaTeX Font Info:    Checking defaults for U/cmr/m/n on input line 19.
LaTeX Font Info:    ... okay on input line 19.

(C:\Users\Mohit\AppData\Local\Programs\MiKTeX\tex/context/base/mkii\supp-pdf.mk
ii
[Loading MPS to PDF converter (version 2006.09.02).]
\scratchcounter=\count285
\scratchdimen=\dimen159
\scratchbox=\box66
\nofMPsegments=\count286
\nofMParguments=\count287
\everyMPshowfont=\toks29
\MPscratchCnt=\count288
\MPscratchDim=\dimen160
\MPnumerator=\count289
\makeMPintoPDFobject=\count290
\everyMPtoPDFconversion=\toks30
)
(C:\Users\Mohit\AppData\Local\Programs\MiKTeX\tex/latex/epstopdf-pkg\epstopdf-b
ase.sty
Package: epstopdf-base 2020-01-24 v2.11 Base part for package epstopdf
Package epstopdf-base Info: Redefining graphics rule for `.eps' on input line 4
85.

(C:\Users\Mohit\AppData\Local\Programs\MiKTeX\tex/latex/00miktex\epstopdf-sys.c
fg
File: epstopdf-sys.cfg 2021/03/18 v2.0 Configuration of epstopdf for MiKTeX
)) (C:\Users\Mohit\AppData\Local\Programs\MiKTeX\tex/latex/graphics\color.sty
Package: color 2021/10/11 v1.3b Standard LaTeX Color (DPC)
(C:\Users\Mohit\AppData\Local\Programs\MiKTeX\tex/latex/graphics-cfg\color.cfg
File: color.cfg 2016/01/02 v1.6 sample color configuration
)
Package color Info: Driver file: pdftex.def on input line 149.
)
(C:\Users\Mohit\AppData\Local\Programs\MiKTeX\tex/latex/translations/dicts\tran
slations-basic-dictionary-english.trsl
File: translations-basic-dictionary-english.trsl (english translation file `tra
nslations-basic-dictionary')
)
Package translations Info: loading dictionary `translations-basic-dictionary' f
or `english'. on input line 19.
<LOGO.jpeg, id=1, 1204.5pt x 1180.41pt>
File: LOGO.jpeg Graphic file (type jpg)
<use LOGO.jpeg>
Package pdftex.def Info: LOGO.jpeg  used on input line 24.
(pdftex.def)             Requested size: 240.89574pt x 236.07782pt.
 [1

{C:/Users/Mohit/AppData/Local/MiKTeX/fonts/map/pdftex/pdftex.map} <./LOGO.jpeg>
]
Overfull \hbox (3.45471pt too wide) in paragraph at lines 41--41
[]\OT1/cmr/bx/n/14.4 Modern Per-spec-tives on Re-in-force-ment Learn-
 []

<MDP.png, id=10, 658.71094pt x 392.96812pt>
File: MDP.png Graphic file (type png)
<use MDP.png>
Package pdftex.def Info: MDP.png  used on input line 49.
(pdftex.def)             Requested size: 329.35466pt x 196.48357pt.
[2]
Underfull \hbox (badness 10000) in paragraph at lines 54--55

 []

<State.png, id=16, 535.2497pt x 98.61844pt>
File: State.png Graphic file (type png)
<use State.png>
Package pdftex.def Info: State.png  used on input line 62.
(pdftex.def)             Requested size: 267.62419pt x 49.30908pt.
<Bell.png, id=17, 472.01344pt x 142.28156pt>
File: Bell.png Graphic file (type png)
<use Bell.png>
Package pdftex.def Info: Bell.png  used on input line 74.
(pdftex.def)             Requested size: 236.00613pt x 71.1406pt.
[3 <./MDP.png> <./State.png>]
Underfull \hbox (badness 10000) in paragraph at lines 83--85

 []

<Ex2.png, id=25, 514.17094pt x 83.5622pt>
File: Ex2.png Graphic file (type png)
<use Ex2.png>
Package pdftex.def Info: Ex2.png  used on input line 95.
(pdftex.def)             Requested size: 257.08484pt x 41.78099pt.

Overfull \hbox (4.06764pt too wide) in paragraph at lines 99--99
[]\OT1/cmr/bx/n/10 Dynamic port-fo-lio re-bal-anc-ing with time-dependent re-tu
rn pre-
 []

[4 <./Bell.png> <./Ex2.png>]
Underfull \hbox (badness 10000) in paragraph at lines 107--110

 []

<Mod.png, id=33, 344.78813pt x 132.495pt>
File: Mod.png Graphic file (type png)
<use Mod.png>
Package pdftex.def Info: Mod.png  used on input line 115.
(pdftex.def)             Requested size: 172.39363pt x 66.24733pt.

Underfull \hbox (badness 10000) in paragraph at lines 124--129

 []

[5 <./Mod.png>]
Underfull \hbox (badness 10000) in paragraph at lines 135--136

 []

<Avg.png, id=38, 581.92406pt x 409.53pt>
File: Avg.png Graphic file (type png)
<use Avg.png>
Package pdftex.def Info: Avg.png  used on input line 147.
(pdftex.def)             Requested size: 290.96132pt x 204.7645pt.
[6]
<Sam.png, id=42, 485.56406pt x 332.74312pt>
File: Sam.png Graphic file (type png)
<use Sam.png>
Package pdftex.def Info: Sam.png  used on input line 153.
(pdftex.def)             Requested size: 242.78143pt x 166.37114pt.

Overfull \hbox (5.33401pt too wide) in paragraph at lines 158--159
\OT1/cmr/m/n/10 free" way, re-lax-ing the as-sump-tions needed for dy-namic pro
-gram-ming ap-proaches.
 []

[7 <./Avg.png> <./Sam.png>]
Underfull \hbox (badness 10000) in paragraph at lines 162--164

 []

[8]
<Algo.png, id=52, 584.93532pt x 204.01219pt>
File: Algo.png Graphic file (type png)
<use Algo.png>
Package pdftex.def Info: Algo.png  used on input line 174.
(pdftex.def)             Requested size: 292.46693pt x 102.00584pt.

Underfull \hbox (badness 10000) in paragraph at lines 181--182

 []


Underfull \hbox (badness 10000) in paragraph at lines 188--189

 []

[9 <./Algo.png>]
Underfull \hbox (badness 10000) in paragraph at lines 190--191

 []


Underfull \hbox (badness 10000) in paragraph at lines 192--193

 []


Underfull \hbox (badness 10000) in paragraph at lines 194--195

 []

<ex.png, id=57, 643.6547pt x 156.585pt>
File: ex.png Graphic file (type png)
<use ex.png>
Package pdftex.def Info: ex.png  used on input line 203.
(pdftex.def)             Requested size: 321.82655pt x 78.2923pt.
[10 <./ex.png>] [11]
<Stoc3.png, id=66, 837.88031pt x 274.77657pt>
File: Stoc3.png Graphic file (type png)
<use Stoc3.png>
Package pdftex.def Info: Stoc3.png  used on input line 256.
(pdftex.def)             Requested size: 418.93913pt x 137.38794pt.

Overfull \hbox (73.93913pt too wide) in paragraph at lines 256--257
 [] 
 []

[12] [13 <./Stoc3.png>]
<Stoc1.png, id=75, 809.27344pt x 80.55093pt>
File: Stoc1.png Graphic file (type png)
<use Stoc1.png>
Package pdftex.def Info: Stoc1.png  used on input line 275.
(pdftex.def)             Requested size: 404.63573pt x 40.27536pt.

Overfull \hbox (59.63573pt too wide) in paragraph at lines 275--276
 [] 
 []


Overfull \hbox (4.22282pt too wide) in paragraph at lines 272--277
[]\OT1/cmr/m/n/10 Finally, the mar-ket maker op-ti-mizes a con-stant ab-so-lute
 risk aver-sion (CARA)
 []

<Stoc2.png, id=76, 709.90219pt x 124.21407pt>
File: Stoc2.png Graphic file (type png)
<use Stoc2.png>
Package pdftex.def Info: Stoc2.png  used on input line 283.
(pdftex.def)             Requested size: 354.95023pt x 62.10687pt.

Overfull \hbox (9.95023pt too wide) in paragraph at lines 283--284
 [] 
 []

[14 <./Stoc1.png> <./Stoc2.png>] [15] [16] [17] (Assignment.aux) ) 
Here is how much of TeX's memory you used:
 6767 strings out of 478659
 158079 string characters out of 2845920
 431623 words of memory out of 3000000
 24814 multiletter control sequences out of 15000+600000
 409148 words of font info for 47 fonts, out of 8000000 for 9000
 1141 hyphenation exceptions out of 8191
 71i,8n,77p,1423b,512s stack positions out of 5000i,500n,10000p,200000b,80000s
 <C:\Users\Mo
hit\AppData\Local\MiKTeX\fonts/pk/ljfour/jknappen/ec/dpi600\tcrm1000.pk><C:/Use
rs/Mohit/AppData/Local/Programs/MiKTeX/fonts/type1/public/amsfonts/cm/cmbx10.pf
b><C:/Users/Mohit/AppData/Local/Programs/MiKTeX/fonts/type1/public/amsfonts/cm/
cmbx12.pfb><C:/Users/Mohit/AppData/Local/Programs/MiKTeX/fonts/type1/public/ams
fonts/cm/cmmi10.pfb><C:/Users/Mohit/AppData/Local/Programs/MiKTeX/fonts/type1/p
ublic/amsfonts/cm/cmmi7.pfb><C:/Users/Mohit/AppData/Local/Programs/MiKTeX/fonts
/type1/public/amsfonts/cm/cmr10.pfb><C:/Users/Mohit/AppData/Local/Programs/MiKT
eX/fonts/type1/public/amsfonts/cm/cmr12.pfb><C:/Users/Mohit/AppData/Local/Progr
ams/MiKTeX/fonts/type1/public/amsfonts/cm/cmr17.pfb><C:/Users/Mohit/AppData/Loc
al/Programs/MiKTeX/fonts/type1/public/amsfonts/cm/cmr7.pfb><C:/Users/Mohit/AppD
ata/Local/Programs/MiKTeX/fonts/type1/public/amsfonts/cm/cmsy10.pfb>
Output written on Assignment.pdf (17 pages, 617475 bytes).
PDF statistics:
 135 PDF objects out of 1000 (max. 8388607)
 0 named destinations out of 1000 (max. 500000)
 66 words of extra memory for PDF output out of 10000 (max. 10000000)

